<?xml version="1.0" encoding="UTF-8"?>
<!-- Generated by org.testng.reporters.JUnitXMLReporter -->
<testsuite ignored="0" hostname="DESKTOP-PMHNFDC" failures="0" tests="1" name="ChromeTest" time="0.108" errors="0" timestamp="2025-01-06T23:15:24 IST">
  <testcase classname="testcases.BaseClass" name="@BeforeMethod initializeBrowser" time="-1.736185524296E9">
    <failure type="org.testng.TestNGException" message="
Parameter &amp;apos;browser&amp;apos; is required by BeforeMethod on method initializeBrowser but has not been marked @Optional or defined
in C:\Users\DELL\eclipse-workspace\GroceryApplication\crossbrowser_testng.xml">
      <![CDATA[org.testng.TestNGException: 
Parameter 'browser' is required by BeforeMethod on method initializeBrowser but has not been marked @Optional or defined
in C:\Users\DELL\eclipse-workspace\GroceryApplication\crossbrowser_testng.xml
at java.base/java.util.ArrayList.forEach(ArrayList.java:1511)
... Removed 28 stack frames]]>
    </failure>
  </testcase> <!-- @BeforeMethod initializeBrowser -->
  <testcase classname="testcases.ManageCategoryTest" name="addManageCategory" time="0.001">
    <skipped/>
  </testcase> <!-- addManageCategory -->
</testsuite> <!-- ChromeTest -->
